<?xml version="1.0" encoding="UTF-8"?>
<!-- Generated by org.testng.reporters.JUnitReportReporter -->
<testsuite hostname="Nidish" failures="0" tests="1" name="testng_framework.Testng_ApplyLeave" time="20.681" errors="0" timestamp="08 Oct 2022 07:53:40 GMT" skipped="0">
  <testcase classname="testng_framework.Testng_ApplyLeave" name="hrmleave" time="20.681"/>
</testsuite> <!-- testng_framework.Testng_ApplyLeave -->
