<?xml version="1.0" encoding="UTF-8"?>
<!-- Generated by org.testng.reporters.JUnitReportReporter -->
<testsuite hostname="Nidish" failures="0" tests="1" name="testng_framework.Testng_MethodOverloading" time="19.131" errors="0" timestamp="08 Oct 2022 07:51:20 GMT" skipped="0">
  <testcase classname="testng_framework.Testng_MethodOverloading" name="loginsearch" time="19.131"/>
</testsuite> <!-- testng_framework.Testng_MethodOverloading -->
