<?xml version="1.0" encoding="UTF-8"?>
<!-- Generated by org.testng.reporters.JUnitReportReporter -->
<testsuite hostname="Nidish" failures="0" tests="3" name="testng_framework.HRM_ApplyLeave" time="74.411" errors="0" timestamp="07 Oct 2022 05:35:15 GMT" skipped="0">
  <testcase classname="testng_framework.HRM_ApplyLeave" name="login" time="18.947"/>
  <testcase classname="testng_framework.HRM_ApplyLeave" name="applyLeave" time="22.528"/>
  <testcase classname="testng_framework.HRM_ApplyLeave" name="search_employee" time="32.936"/>
</testsuite> <!-- testng_framework.HRM_ApplyLeave -->
