<?xml version="1.0" encoding="UTF-8"?>
<!-- Generated by org.testng.reporters.JUnitReportReporter -->
<testsuite hostname="Nidish" failures="0" tests="3" name="testng_framework.OrangeHRM_Testng" time="92.571" errors="0" timestamp="08 Oct 2022 12:05:17 GMT" skipped="0">
  <testcase classname="testng_framework.OrangeHRM_Testng" name="login" time="23.620"/>
  <testcase classname="testng_framework.OrangeHRM_Testng" name="applyLeave" time="37.509"/>
  <testcase classname="testng_framework.OrangeHRM_Testng" name="search_employee" time="31.442"/>
</testsuite> <!-- testng_framework.OrangeHRM_Testng -->
