<?xml version="1.0" encoding="UTF-8"?>
<!-- Generated by org.testng.reporters.JUnitReportReporter -->
<testsuite hostname="Nidish" failures="0" tests="2" name="testng_framework.Testng_Login" time="14.960" errors="0" timestamp="08 Oct 2022 08:00:33 GMT" skipped="0">
  <testcase classname="testng_framework.Testng_Login" name="logout" time="5.942"/>
  <testcase classname="testng_framework.Testng_Login" name="login" time="9.018"/>
</testsuite> <!-- testng_framework.Testng_Login -->
